{"C:\\dev\\stock-api\\src\\app.ts": {"path":"C:\\dev\\stock-api\\src\\app.ts","statementMap":{"0":{"start":{"line":6,"column":12},"end":{"line":6,"column":21}},"1":{"start":{"line":7,"column":0},"end":{"line":7,"column":24}},"2":{"start":{"line":8,"column":0},"end":{"line":8,"column":15}},"3":{"start":{"line":9,"column":0},"end":{"line":9,"column":16}},"4":{"start":{"line":10,"column":0},"end":{"line":20,"column":3}},"5":{"start":{"line":11,"column":4},"end":{"line":15,"column":5}},"6":{"start":{"line":12,"column":8},"end":{"line":14,"column":11}},"7":{"start":{"line":16,"column":4},"end":{"line":19,"column":7}}},"fnMap":{"0":{"name":"(anonymous_0)","decl":{"start":{"line":10,"column":8},"end":{"line":10,"column":9}},"loc":{"start":{"line":10,"column":73},"end":{"line":20,"column":1}},"line":10}},"branchMap":{"0":{"loc":{"start":{"line":11,"column":4},"end":{"line":15,"column":5}},"type":"if","locations":[{"start":{"line":11,"column":4},"end":{"line":15,"column":5}},{"start":{},"end":{}}],"line":11}},"s":{"0":4,"1":4,"2":4,"3":4,"4":4,"5":13,"6":13,"7":0},"f":{"0":13},"b":{"0":[13,0]},"_coverageSchema":"1a1c01bbd47fc00a2c39e90264f33305004495a9","hash":"7a6848d7b1548bfdc4161d3ce075c912fbc944bc"}
,"C:\\dev\\stock-api\\src\\routes.ts": {"path":"C:\\dev\\stock-api\\src\\routes.ts","statementMap":{"0":{"start":{"line":19,"column":15},"end":{"line":19,"column":23}},"1":{"start":{"line":22,"column":0},"end":{"line":22,"column":54}},"2":{"start":{"line":25,"column":0},"end":{"line":25,"column":73}},"3":{"start":{"line":26,"column":0},"end":{"line":26,"column":70}},"4":{"start":{"line":27,"column":0},"end":{"line":27,"column":74}},"5":{"start":{"line":30,"column":0},"end":{"line":34,"column":2}},"6":{"start":{"line":35,"column":0},"end":{"line":39,"column":2}},"7":{"start":{"line":40,"column":0},"end":{"line":44,"column":2}},"8":{"start":{"line":45,"column":0},"end":{"line":49,"column":2}},"9":{"start":{"line":52,"column":0},"end":{"line":52,"column":79}},"10":{"start":{"line":53,"column":0},"end":{"line":57,"column":2}},"11":{"start":{"line":58,"column":0},"end":{"line":58,"column":78}},"12":{"start":{"line":59,"column":0},"end":{"line":63,"column":2}},"13":{"start":{"line":64,"column":0},"end":{"line":68,"column":2}}},"fnMap":{},"branchMap":{},"s":{"0":4,"1":4,"2":4,"3":4,"4":4,"5":4,"6":4,"7":4,"8":4,"9":4,"10":4,"11":4,"12":4,"13":4},"f":{},"b":{},"_coverageSchema":"1a1c01bbd47fc00a2c39e90264f33305004495a9","hash":"aa087f2ecbdc0fcdaad37c9927c210da32c38c57"}
,"C:\\dev\\stock-api\\src\\server.ts": {"path":"C:\\dev\\stock-api\\src\\server.ts","statementMap":{"0":{"start":{"line":3,"column":15},"end":{"line":3,"column":31}}},"fnMap":{},"branchMap":{},"s":{"0":4},"f":{},"b":{},"_coverageSchema":"1a1c01bbd47fc00a2c39e90264f33305004495a9","hash":"f21a4a8ba84d3ea90e96bf2478fb5be9a183815c"}
,"C:\\dev\\stock-api\\src\\controllers\\category\\CreateCategoryController.ts": {"path":"C:\\dev\\stock-api\\src\\controllers\\category\\CreateCategoryController.ts","statementMap":{"0":{"start":{"line":6,"column":21},"end":{"line":6,"column":33}},"1":{"start":{"line":7,"column":34},"end":{"line":7,"column":61}},"2":{"start":{"line":8,"column":21},"end":{"line":8,"column":72}},"3":{"start":{"line":9,"column":4},"end":{"line":9,"column":36}}},"fnMap":{"0":{"name":"(anonymous_0)","decl":{"start":{"line":5,"column":2},"end":{"line":5,"column":3}},"loc":{"start":{"line":5,"column":54},"end":{"line":10,"column":3}},"line":5}},"branchMap":{},"s":{"0":0,"1":0,"2":0,"3":0},"f":{"0":0},"b":{},"_coverageSchema":"1a1c01bbd47fc00a2c39e90264f33305004495a9","hash":"dcd94fd08b3d05aa7724cd790846bb38f54f98ae"}
,"C:\\dev\\stock-api\\src\\controllers\\category\\DeleteCategoryController.ts": {"path":"C:\\dev\\stock-api\\src\\controllers\\category\\DeleteCategoryController.ts","statementMap":{"0":{"start":{"line":6,"column":24},"end":{"line":6,"column":59}},"1":{"start":{"line":7,"column":34},"end":{"line":7,"column":61}},"2":{"start":{"line":8,"column":21},"end":{"line":8,"column":63}},"3":{"start":{"line":9,"column":4},"end":{"line":9,"column":35}}},"fnMap":{"0":{"name":"(anonymous_0)","decl":{"start":{"line":5,"column":2},"end":{"line":5,"column":3}},"loc":{"start":{"line":5,"column":53},"end":{"line":10,"column":3}},"line":5}},"branchMap":{},"s":{"0":0,"1":0,"2":0,"3":0},"f":{"0":0},"b":{},"_coverageSchema":"1a1c01bbd47fc00a2c39e90264f33305004495a9","hash":"8f26d3e1e94b22dbc0ab65de849f95783db4be06"}
,"C:\\dev\\stock-api\\src\\controllers\\category\\EditCategoryController.ts": {"path":"C:\\dev\\stock-api\\src\\controllers\\category\\EditCategoryController.ts","statementMap":{"0":{"start":{"line":6,"column":21},"end":{"line":6,"column":33}},"1":{"start":{"line":7,"column":24},"end":{"line":7,"column":59}},"2":{"start":{"line":8,"column":32},"end":{"line":8,"column":57}},"3":{"start":{"line":9,"column":27},"end":{"line":9,"column":77}},"4":{"start":{"line":10,"column":4},"end":{"line":10,"column":41}}},"fnMap":{"0":{"name":"(anonymous_0)","decl":{"start":{"line":5,"column":2},"end":{"line":5,"column":3}},"loc":{"start":{"line":5,"column":53},"end":{"line":11,"column":3}},"line":5}},"branchMap":{},"s":{"0":0,"1":0,"2":0,"3":0,"4":0},"f":{"0":0},"b":{},"_coverageSchema":"1a1c01bbd47fc00a2c39e90264f33305004495a9","hash":"dec3866f40ddc012879c190cdd7de7972b101a59"}
,"C:\\dev\\stock-api\\src\\controllers\\category\\ListCategoriesController.ts": {"path":"C:\\dev\\stock-api\\src\\controllers\\category\\ListCategoriesController.ts","statementMap":{"0":{"start":{"line":6,"column":32},"end":{"line":6,"column":59}},"1":{"start":{"line":7,"column":23},"end":{"line":7,"column":58}},"2":{"start":{"line":8,"column":4},"end":{"line":8,"column":37}}},"fnMap":{"0":{"name":"(anonymous_0)","decl":{"start":{"line":5,"column":2},"end":{"line":5,"column":3}},"loc":{"start":{"line":5,"column":53},"end":{"line":9,"column":3}},"line":5}},"branchMap":{},"s":{"0":0,"1":0,"2":0},"f":{"0":0},"b":{},"_coverageSchema":"1a1c01bbd47fc00a2c39e90264f33305004495a9","hash":"a4988e00e1b44a7200e9824bd9b38efbeb10ff34"}
,"C:\\dev\\stock-api\\src\\controllers\\product\\CreateProductController.ts": {"path":"C:\\dev\\stock-api\\src\\controllers\\product\\CreateProductController.ts","statementMap":{"0":{"start":{"line":13,"column":30},"end":{"line":13,"column":42}},"1":{"start":{"line":14,"column":33},"end":{"line":14,"column":59}},"2":{"start":{"line":16,"column":20},"end":{"line":22,"column":6}},"3":{"start":{"line":24,"column":4},"end":{"line":24,"column":34}}},"fnMap":{"0":{"name":"(anonymous_0)","decl":{"start":{"line":6,"column":2},"end":{"line":6,"column":3}},"loc":{"start":{"line":6,"column":53},"end":{"line":25,"column":3}},"line":6}},"branchMap":{},"s":{"0":0,"1":0,"2":0,"3":0},"f":{"0":0},"b":{},"_coverageSchema":"1a1c01bbd47fc00a2c39e90264f33305004495a9","hash":"3f789ddf9fd713b3fa738e608f7e0f07ae1891d4"}
,"C:\\dev\\stock-api\\src\\controllers\\product\\DeleteProductController.ts": {"path":"C:\\dev\\stock-api\\src\\controllers\\product\\DeleteProductController.ts","statementMap":{"0":{"start":{"line":6,"column":23},"end":{"line":6,"column":57}},"1":{"start":{"line":7,"column":33},"end":{"line":7,"column":59}},"2":{"start":{"line":9,"column":27},"end":{"line":9,"column":77}},"3":{"start":{"line":10,"column":4},"end":{"line":10,"column":41}}},"fnMap":{"0":{"name":"(anonymous_0)","decl":{"start":{"line":5,"column":2},"end":{"line":5,"column":3}},"loc":{"start":{"line":5,"column":53},"end":{"line":11,"column":3}},"line":5}},"branchMap":{},"s":{"0":0,"1":0,"2":0,"3":0},"f":{"0":0},"b":{},"_coverageSchema":"1a1c01bbd47fc00a2c39e90264f33305004495a9","hash":"023026c5ef92b53b73fc016f892d1d45e89d1223"}
,"C:\\dev\\stock-api\\src\\controllers\\product\\EditProductController.ts": {"path":"C:\\dev\\stock-api\\src\\controllers\\product\\EditProductController.ts","statementMap":{"0":{"start":{"line":14,"column":28},"end":{"line":14,"column":73}},"1":{"start":{"line":15,"column":31},"end":{"line":15,"column":55}},"2":{"start":{"line":17,"column":26},"end":{"line":24,"column":6}},"3":{"start":{"line":25,"column":4},"end":{"line":25,"column":40}}},"fnMap":{"0":{"name":"(anonymous_0)","decl":{"start":{"line":6,"column":2},"end":{"line":6,"column":3}},"loc":{"start":{"line":6,"column":53},"end":{"line":26,"column":3}},"line":6}},"branchMap":{},"s":{"0":0,"1":0,"2":0,"3":0},"f":{"0":0},"b":{},"_coverageSchema":"1a1c01bbd47fc00a2c39e90264f33305004495a9","hash":"5e55d4c48fde560c0e6097bdd165d335d6430c8b"}
,"C:\\dev\\stock-api\\src\\controllers\\product\\ListProductsController.ts": {"path":"C:\\dev\\stock-api\\src\\controllers\\product\\ListProductsController.ts","statementMap":{"0":{"start":{"line":6,"column":32},"end":{"line":6,"column":56}},"1":{"start":{"line":7,"column":21},"end":{"line":7,"column":56}},"2":{"start":{"line":9,"column":4},"end":{"line":9,"column":35}}},"fnMap":{"0":{"name":"(anonymous_0)","decl":{"start":{"line":5,"column":2},"end":{"line":5,"column":3}},"loc":{"start":{"line":5,"column":53},"end":{"line":10,"column":3}},"line":5}},"branchMap":{},"s":{"0":0,"1":0,"2":0},"f":{"0":0},"b":{},"_coverageSchema":"1a1c01bbd47fc00a2c39e90264f33305004495a9","hash":"93ec3850e435937b67dd38ed495d5c121f971d28"}
,"C:\\dev\\stock-api\\src\\controllers\\product\\SaleProductController.ts": {"path":"C:\\dev\\stock-api\\src\\controllers\\product\\SaleProductController.ts","statementMap":{"0":{"start":{"line":7,"column":23},"end":{"line":7,"column":57}},"1":{"start":{"line":8,"column":43},"end":{"line":8,"column":55}},"2":{"start":{"line":9,"column":31},"end":{"line":9,"column":55}},"3":{"start":{"line":11,"column":24},"end":{"line":14,"column":6}},"4":{"start":{"line":15,"column":4},"end":{"line":15,"column":38}}},"fnMap":{"0":{"name":"(anonymous_0)","decl":{"start":{"line":6,"column":2},"end":{"line":6,"column":3}},"loc":{"start":{"line":6,"column":53},"end":{"line":16,"column":3}},"line":6}},"branchMap":{},"s":{"0":0,"1":0,"2":0,"3":0,"4":0},"f":{"0":0},"b":{},"_coverageSchema":"1a1c01bbd47fc00a2c39e90264f33305004495a9","hash":"1284184cc49b47a1f5e257a1bf7ecdc732eab651"}
,"C:\\dev\\stock-api\\src\\controllers\\user\\AuthUserController.ts": {"path":"C:\\dev\\stock-api\\src\\controllers\\user\\AuthUserController.ts","statementMap":{"0":{"start":{"line":7,"column":49},"end":{"line":7,"column":61}},"1":{"start":{"line":8,"column":28},"end":{"line":8,"column":49}},"2":{"start":{"line":9,"column":17},"end":{"line":12,"column":6}},"3":{"start":{"line":14,"column":4},"end":{"line":14,"column":31}}},"fnMap":{"0":{"name":"(anonymous_0)","decl":{"start":{"line":6,"column":2},"end":{"line":6,"column":3}},"loc":{"start":{"line":6,"column":53},"end":{"line":15,"column":3}},"line":6}},"branchMap":{},"s":{"0":8,"1":8,"2":8,"3":4},"f":{"0":8},"b":{},"_coverageSchema":"1a1c01bbd47fc00a2c39e90264f33305004495a9","hash":"66405f30504722a3133e4762d0c27a57c9a95b14"}
,"C:\\dev\\stock-api\\src\\controllers\\user\\CreateUserController.ts": {"path":"C:\\dev\\stock-api\\src\\controllers\\user\\CreateUserController.ts","statementMap":{"0":{"start":{"line":7,"column":97},"end":{"line":7,"column":109}},"1":{"start":{"line":8,"column":30},"end":{"line":8,"column":53}},"2":{"start":{"line":9,"column":17},"end":{"line":9,"column":115}},"3":{"start":{"line":10,"column":4},"end":{"line":10,"column":31}}},"fnMap":{"0":{"name":"(anonymous_0)","decl":{"start":{"line":6,"column":2},"end":{"line":6,"column":3}},"loc":{"start":{"line":6,"column":53},"end":{"line":11,"column":3}},"line":6}},"branchMap":{},"s":{"0":7,"1":7,"2":7,"3":3},"f":{"0":7},"b":{},"_coverageSchema":"1a1c01bbd47fc00a2c39e90264f33305004495a9","hash":"8465d9c99591e10066fb0b9d27f6be8154a04bc6"}
,"C:\\dev\\stock-api\\src\\controllers\\user\\EditUserController.ts": {"path":"C:\\dev\\stock-api\\src\\controllers\\user\\EditUserController.ts","statementMap":{"0":{"start":{"line":7,"column":95},"end":{"line":7,"column":107}},"1":{"start":{"line":8,"column":19},"end":{"line":8,"column":33}},"2":{"start":{"line":9,"column":28},"end":{"line":9,"column":49}},"3":{"start":{"line":10,"column":17},"end":{"line":10,"column":116}},"4":{"start":{"line":11,"column":4},"end":{"line":11,"column":31}}},"fnMap":{"0":{"name":"(anonymous_0)","decl":{"start":{"line":6,"column":2},"end":{"line":6,"column":3}},"loc":{"start":{"line":6,"column":53},"end":{"line":12,"column":3}},"line":6}},"branchMap":{},"s":{"0":7,"1":7,"2":7,"3":7,"4":2},"f":{"0":7},"b":{},"_coverageSchema":"1a1c01bbd47fc00a2c39e90264f33305004495a9","hash":"5c32fc447c1739852b04545baa81c6eaf030bb11"}
,"C:\\dev\\stock-api\\src\\controllers\\user\\ListUserController.ts": {"path":"C:\\dev\\stock-api\\src\\controllers\\user\\ListUserController.ts","statementMap":{"0":{"start":{"line":6,"column":28},"end":{"line":6,"column":49}},"1":{"start":{"line":7,"column":17},"end":{"line":7,"column":48}},"2":{"start":{"line":8,"column":4},"end":{"line":8,"column":31}}},"fnMap":{"0":{"name":"(anonymous_0)","decl":{"start":{"line":5,"column":2},"end":{"line":5,"column":3}},"loc":{"start":{"line":5,"column":53},"end":{"line":9,"column":3}},"line":5}},"branchMap":{},"s":{"0":1,"1":1,"2":1},"f":{"0":1},"b":{},"_coverageSchema":"1a1c01bbd47fc00a2c39e90264f33305004495a9","hash":"fc2748daa6236c38e0c37a7781d71f65b1a0b008"}
,"C:\\dev\\stock-api\\src\\middlewares\\isAuthenticated.ts": {"path":"C:\\dev\\stock-api\\src\\middlewares\\isAuthenticated.ts","statementMap":{"0":{"start":{"line":11,"column":20},"end":{"line":11,"column":49}},"1":{"start":{"line":13,"column":2},"end":{"line":15,"column":3}},"2":{"start":{"line":14,"column":4},"end":{"line":14,"column":38}},"3":{"start":{"line":17,"column":20},"end":{"line":17,"column":40}},"4":{"start":{"line":19,"column":2},"end":{"line":26,"column":3}},"5":{"start":{"line":21,"column":20},"end":{"line":21,"column":78}},"6":{"start":{"line":22,"column":4},"end":{"line":22,"column":26}},"7":{"start":{"line":23,"column":4},"end":{"line":23,"column":18}},"8":{"start":{"line":25,"column":4},"end":{"line":25,"column":38}}},"fnMap":{"0":{"name":"isAuthenticated","decl":{"start":{"line":5,"column":16},"end":{"line":5,"column":31}},"loc":{"start":{"line":9,"column":2},"end":{"line":27,"column":1}},"line":9}},"branchMap":{"0":{"loc":{"start":{"line":13,"column":2},"end":{"line":15,"column":3}},"type":"if","locations":[{"start":{"line":13,"column":2},"end":{"line":15,"column":3}},{"start":{},"end":{}}],"line":13}},"s":{"0":18,"1":18,"2":1,"3":17,"4":17,"5":17,"6":15,"7":15,"8":2},"f":{"0":18},"b":{"0":[1,17]},"_coverageSchema":"1a1c01bbd47fc00a2c39e90264f33305004495a9","hash":"333b45d98e816c6d3ba915961a639cad23e8af95"}
,"C:\\dev\\stock-api\\src\\prisma\\index.ts": {"path":"C:\\dev\\stock-api\\src\\prisma\\index.ts","statementMap":{"0":{"start":{"line":3,"column":21},"end":{"line":3,"column":39}}},"fnMap":{},"branchMap":{},"s":{"0":4},"f":{},"b":{},"_coverageSchema":"1a1c01bbd47fc00a2c39e90264f33305004495a9","hash":"b07cad49d364aa8869b1dc7e548988e4d77b9608"}
,"C:\\dev\\stock-api\\src\\services\\category\\CreateCategoryService.ts": {"path":"C:\\dev\\stock-api\\src\\services\\category\\CreateCategoryService.ts","statementMap":{"0":{"start":{"line":5,"column":4},"end":{"line":7,"column":5}},"1":{"start":{"line":6,"column":6},"end":{"line":6,"column":38}},"2":{"start":{"line":9,"column":21},"end":{"line":17,"column":6}},"3":{"start":{"line":18,"column":4},"end":{"line":18,"column":20}}},"fnMap":{"0":{"name":"(anonymous_0)","decl":{"start":{"line":4,"column":2},"end":{"line":4,"column":3}},"loc":{"start":{"line":4,"column":30},"end":{"line":19,"column":3}},"line":4}},"branchMap":{"0":{"loc":{"start":{"line":5,"column":4},"end":{"line":7,"column":5}},"type":"if","locations":[{"start":{"line":5,"column":4},"end":{"line":7,"column":5}},{"start":{},"end":{}}],"line":5},"1":{"loc":{"start":{"line":5,"column":8},"end":{"line":5,"column":45}},"type":"binary-expr","locations":[{"start":{"line":5,"column":8},"end":{"line":5,"column":19}},{"start":{"line":5,"column":23},"end":{"line":5,"column":36}},{"start":{"line":5,"column":40},"end":{"line":5,"column":45}}],"line":5}},"s":{"0":0,"1":0,"2":0,"3":0},"f":{"0":0},"b":{"0":[0,0],"1":[0,0,0]},"_coverageSchema":"1a1c01bbd47fc00a2c39e90264f33305004495a9","hash":"cce429dbddc8b7610005855932ffaeb3b821f3da"}
,"C:\\dev\\stock-api\\src\\services\\category\\DeleteCategoryService.ts": {"path":"C:\\dev\\stock-api\\src\\services\\category\\DeleteCategoryService.ts","statementMap":{"0":{"start":{"line":5,"column":4},"end":{"line":20,"column":5}},"1":{"start":{"line":6,"column":25},"end":{"line":10,"column":8}},"2":{"start":{"line":12,"column":6},"end":{"line":19,"column":7}},"3":{"start":{"line":13,"column":25},"end":{"line":17,"column":10}},"4":{"start":{"line":18,"column":8},"end":{"line":18,"column":24}}},"fnMap":{"0":{"name":"(anonymous_0)","decl":{"start":{"line":4,"column":2},"end":{"line":4,"column":3}},"loc":{"start":{"line":4,"column":37},"end":{"line":21,"column":3}},"line":4}},"branchMap":{"0":{"loc":{"start":{"line":5,"column":4},"end":{"line":20,"column":5}},"type":"if","locations":[{"start":{"line":5,"column":4},"end":{"line":20,"column":5}},{"start":{},"end":{}}],"line":5},"1":{"loc":{"start":{"line":12,"column":6},"end":{"line":19,"column":7}},"type":"if","locations":[{"start":{"line":12,"column":6},"end":{"line":19,"column":7}},{"start":{},"end":{}}],"line":12}},"s":{"0":0,"1":0,"2":0,"3":0,"4":0},"f":{"0":0},"b":{"0":[0,0],"1":[0,0]},"_coverageSchema":"1a1c01bbd47fc00a2c39e90264f33305004495a9","hash":"a42e75178af8a921654a500c0b93153732878986"}
,"C:\\dev\\stock-api\\src\\services\\category\\EditCategoryService.ts": {"path":"C:\\dev\\stock-api\\src\\services\\category\\EditCategoryService.ts","statementMap":{"0":{"start":{"line":6,"column":4},"end":{"line":8,"column":5}},"1":{"start":{"line":7,"column":6},"end":{"line":7,"column":61}},"2":{"start":{"line":10,"column":26},"end":{"line":17,"column":6}},"3":{"start":{"line":18,"column":4},"end":{"line":18,"column":25}}},"fnMap":{"0":{"name":"(anonymous_0)","decl":{"start":{"line":5,"column":2},"end":{"line":5,"column":3}},"loc":{"start":{"line":5,"column":60},"end":{"line":19,"column":3}},"line":5}},"branchMap":{"0":{"loc":{"start":{"line":6,"column":4},"end":{"line":8,"column":5}},"type":"if","locations":[{"start":{"line":6,"column":4},"end":{"line":8,"column":5}},{"start":{},"end":{}}],"line":6},"1":{"loc":{"start":{"line":6,"column":8},"end":{"line":6,"column":68}},"type":"binary-expr","locations":[{"start":{"line":6,"column":8},"end":{"line":6,"column":27}},{"start":{"line":6,"column":31},"end":{"line":6,"column":43}},{"start":{"line":6,"column":47},"end":{"line":6,"column":59}},{"start":{"line":6,"column":63},"end":{"line":6,"column":68}}],"line":6}},"s":{"0":0,"1":0,"2":0,"3":0},"f":{"0":0},"b":{"0":[0,0],"1":[0,0,0,0]},"_coverageSchema":"1a1c01bbd47fc00a2c39e90264f33305004495a9","hash":"2ad98970900301214990b5fc1f6b3106e094655c"}
,"C:\\dev\\stock-api\\src\\services\\category\\ListCategoriesService.ts": {"path":"C:\\dev\\stock-api\\src\\services\\category\\ListCategoriesService.ts","statementMap":{"0":{"start":{"line":5,"column":23},"end":{"line":10,"column":6}},"1":{"start":{"line":11,"column":4},"end":{"line":11,"column":22}}},"fnMap":{"0":{"name":"(anonymous_0)","decl":{"start":{"line":4,"column":2},"end":{"line":4,"column":3}},"loc":{"start":{"line":4,"column":18},"end":{"line":12,"column":3}},"line":4}},"branchMap":{},"s":{"0":0,"1":0},"f":{"0":0},"b":{},"_coverageSchema":"1a1c01bbd47fc00a2c39e90264f33305004495a9","hash":"f15d8fa9a426471bab22401becad1c0b421e2d08"}
,"C:\\dev\\stock-api\\src\\services\\product\\CreateProductService.ts": {"path":"C:\\dev\\stock-api\\src\\services\\product\\CreateProductService.ts","statementMap":{"0":{"start":{"line":12,"column":20},"end":{"line":20,"column":6}},"1":{"start":{"line":21,"column":4},"end":{"line":21,"column":19}}},"fnMap":{"0":{"name":"(anonymous_0)","decl":{"start":{"line":5,"column":2},"end":{"line":5,"column":3}},"loc":{"start":{"line":11,"column":27},"end":{"line":22,"column":3}},"line":11}},"branchMap":{},"s":{"0":0,"1":0},"f":{"0":0},"b":{},"_coverageSchema":"1a1c01bbd47fc00a2c39e90264f33305004495a9","hash":"cfbd122ca5a15e91b16435855b15ab9042559f3d"}
,"C:\\dev\\stock-api\\src\\services\\product\\DeleteProductService.ts": {"path":"C:\\dev\\stock-api\\src\\services\\product\\DeleteProductService.ts","statementMap":{"0":{"start":{"line":9,"column":4},"end":{"line":11,"column":5}},"1":{"start":{"line":10,"column":6},"end":{"line":10,"column":56}},"2":{"start":{"line":13,"column":26},"end":{"line":17,"column":6}},"3":{"start":{"line":18,"column":4},"end":{"line":18,"column":25}}},"fnMap":{"0":{"name":"(anonymous_0)","decl":{"start":{"line":8,"column":2},"end":{"line":8,"column":3}},"loc":{"start":{"line":8,"column":54},"end":{"line":19,"column":3}},"line":8}},"branchMap":{"0":{"loc":{"start":{"line":9,"column":4},"end":{"line":11,"column":5}},"type":"if","locations":[{"start":{"line":9,"column":4},"end":{"line":11,"column":5}},{"start":{},"end":{}}],"line":9}},"s":{"0":0,"1":0,"2":0,"3":0},"f":{"0":0},"b":{"0":[0,0]},"_coverageSchema":"1a1c01bbd47fc00a2c39e90264f33305004495a9","hash":"e7c14d90954e8345a6cb81ccc9b64ca0bfd38bc0"}
,"C:\\dev\\stock-api\\src\\services\\product\\EditProductService.ts": {"path":"C:\\dev\\stock-api\\src\\services\\product\\EditProductService.ts","statementMap":{"0":{"start":{"line":13,"column":26},"end":{"line":17,"column":6}},"1":{"start":{"line":19,"column":4},"end":{"line":21,"column":5}},"2":{"start":{"line":20,"column":6},"end":{"line":20,"column":50}},"3":{"start":{"line":23,"column":26},"end":{"line":34,"column":6}},"4":{"start":{"line":35,"column":4},"end":{"line":35,"column":25}}},"fnMap":{"0":{"name":"(anonymous_0)","decl":{"start":{"line":5,"column":2},"end":{"line":5,"column":3}},"loc":{"start":{"line":12,"column":25},"end":{"line":36,"column":3}},"line":12}},"branchMap":{"0":{"loc":{"start":{"line":19,"column":4},"end":{"line":21,"column":5}},"type":"if","locations":[{"start":{"line":19,"column":4},"end":{"line":21,"column":5}},{"start":{},"end":{}}],"line":19}},"s":{"0":0,"1":0,"2":0,"3":0,"4":0},"f":{"0":0},"b":{"0":[0,0]},"_coverageSchema":"1a1c01bbd47fc00a2c39e90264f33305004495a9","hash":"058ce3193fbccc592932809b6797b6319e6fbe5f"}
,"C:\\dev\\stock-api\\src\\services\\product\\ListProductsService.ts": {"path":"C:\\dev\\stock-api\\src\\services\\product\\ListProductsService.ts","statementMap":{"0":{"start":{"line":5,"column":21},"end":{"line":17,"column":6}},"1":{"start":{"line":18,"column":4},"end":{"line":18,"column":20}}},"fnMap":{"0":{"name":"(anonymous_0)","decl":{"start":{"line":4,"column":2},"end":{"line":4,"column":3}},"loc":{"start":{"line":4,"column":18},"end":{"line":19,"column":3}},"line":4}},"branchMap":{},"s":{"0":0,"1":0},"f":{"0":0},"b":{},"_coverageSchema":"1a1c01bbd47fc00a2c39e90264f33305004495a9","hash":"2acd442a0b149ee21c44cba25ab7a1bb37645fd8"}
,"C:\\dev\\stock-api\\src\\services\\product\\SaleProductService.ts": {"path":"C:\\dev\\stock-api\\src\\services\\product\\SaleProductService.ts","statementMap":{"0":{"start":{"line":6,"column":4},"end":{"line":8,"column":5}},"1":{"start":{"line":7,"column":6},"end":{"line":7,"column":75}},"2":{"start":{"line":10,"column":25},"end":{"line":14,"column":6}},"3":{"start":{"line":16,"column":4},"end":{"line":34,"column":5}},"4":{"start":{"line":17,"column":24},"end":{"line":17,"column":53}},"5":{"start":{"line":18,"column":23},"end":{"line":30,"column":8}},"6":{"start":{"line":31,"column":6},"end":{"line":31,"column":22}},"7":{"start":{"line":33,"column":6},"end":{"line":33,"column":59}}},"fnMap":{"0":{"name":"(anonymous_0)","decl":{"start":{"line":5,"column":2},"end":{"line":5,"column":3}},"loc":{"start":{"line":5,"column":60},"end":{"line":35,"column":3}},"line":5}},"branchMap":{"0":{"loc":{"start":{"line":6,"column":4},"end":{"line":8,"column":5}},"type":"if","locations":[{"start":{"line":6,"column":4},"end":{"line":8,"column":5}},{"start":{},"end":{}}],"line":6},"1":{"loc":{"start":{"line":6,"column":8},"end":{"line":6,"column":30}},"type":"binary-expr","locations":[{"start":{"line":6,"column":8},"end":{"line":6,"column":19}},{"start":{"line":6,"column":23},"end":{"line":6,"column":30}}],"line":6},"2":{"loc":{"start":{"line":16,"column":4},"end":{"line":34,"column":5}},"type":"if","locations":[{"start":{"line":16,"column":4},"end":{"line":34,"column":5}},{"start":{"line":32,"column":11},"end":{"line":34,"column":5}}],"line":16},"3":{"loc":{"start":{"line":16,"column":8},"end":{"line":16,"column":52}},"type":"binary-expr","locations":[{"start":{"line":16,"column":8},"end":{"line":16,"column":38}},{"start":{"line":16,"column":42},"end":{"line":16,"column":52}}],"line":16}},"s":{"0":0,"1":0,"2":0,"3":0,"4":0,"5":0,"6":0,"7":0},"f":{"0":0},"b":{"0":[0,0],"1":[0,0],"2":[0,0],"3":[0,0]},"_coverageSchema":"1a1c01bbd47fc00a2c39e90264f33305004495a9","hash":"79d4e3bee04f6e3b7e0c2ab4f1a2eb5da9cacf58"}
,"C:\\dev\\stock-api\\src\\services\\user\\AuthUserService.ts": {"path":"C:\\dev\\stock-api\\src\\services\\user\\AuthUserService.ts","statementMap":{"0":{"start":{"line":8,"column":4},"end":{"line":8,"column":45}},"1":{"start":{"line":9,"column":4},"end":{"line":9,"column":51}},"2":{"start":{"line":12,"column":17},"end":{"line":16,"column":6}},"3":{"start":{"line":18,"column":4},"end":{"line":20,"column":5}},"4":{"start":{"line":19,"column":6},"end":{"line":19,"column":53}},"5":{"start":{"line":22,"column":26},"end":{"line":22,"column":65}},"6":{"start":{"line":24,"column":4},"end":{"line":26,"column":5}},"7":{"start":{"line":25,"column":6},"end":{"line":25,"column":40}},"8":{"start":{"line":28,"column":18},"end":{"line":38,"column":5}},"9":{"start":{"line":40,"column":4},"end":{"line":45,"column":6}},"10":{"start":{"line":52,"column":2},"end":{"line":54,"column":3}},"11":{"start":{"line":53,"column":4},"end":{"line":53,"column":62}}},"fnMap":{"0":{"name":"(anonymous_0)","decl":{"start":{"line":7,"column":2},"end":{"line":7,"column":3}},"loc":{"start":{"line":7,"column":54},"end":{"line":46,"column":3}},"line":7},"1":{"name":"checkRequiridField","decl":{"start":{"line":51,"column":15},"end":{"line":51,"column":33}},"loc":{"start":{"line":51,"column":64},"end":{"line":55,"column":1}},"line":51}},"branchMap":{"0":{"loc":{"start":{"line":18,"column":4},"end":{"line":20,"column":5}},"type":"if","locations":[{"start":{"line":18,"column":4},"end":{"line":20,"column":5}},{"start":{},"end":{}}],"line":18},"1":{"loc":{"start":{"line":24,"column":4},"end":{"line":26,"column":5}},"type":"if","locations":[{"start":{"line":24,"column":4},"end":{"line":26,"column":5}},{"start":{},"end":{}}],"line":24},"2":{"loc":{"start":{"line":52,"column":2},"end":{"line":54,"column":3}},"type":"if","locations":[{"start":{"line":52,"column":2},"end":{"line":54,"column":3}},{"start":{},"end":{}}],"line":52}},"s":{"0":8,"1":7,"2":6,"3":6,"4":1,"5":5,"6":5,"7":1,"8":4,"9":4,"10":15,"11":2},"f":{"0":8,"1":15},"b":{"0":[1,5],"1":[1,4],"2":[2,13]},"_coverageSchema":"1a1c01bbd47fc00a2c39e90264f33305004495a9","hash":"a89065f705dff41772b26867776662db657e9afa"}
,"C:\\dev\\stock-api\\src\\services\\user\\CreateUserService.ts": {"path":"C:\\dev\\stock-api\\src\\services\\user\\CreateUserService.ts","statementMap":{"0":{"start":{"line":8,"column":4},"end":{"line":8,"column":54}},"1":{"start":{"line":9,"column":4},"end":{"line":9,"column":60}},"2":{"start":{"line":10,"column":4},"end":{"line":10,"column":60}},"3":{"start":{"line":11,"column":4},"end":{"line":11,"column":62}},"4":{"start":{"line":12,"column":4},"end":{"line":12,"column":60}},"5":{"start":{"line":15,"column":4},"end":{"line":15,"column":54}},"6":{"start":{"line":16,"column":4},"end":{"line":16,"column":50}},"7":{"start":{"line":17,"column":4},"end":{"line":17,"column":60}},"8":{"start":{"line":21,"column":25},"end":{"line":21,"column":57}},"9":{"start":{"line":24,"column":17},"end":{"line":45,"column":6}},"10":{"start":{"line":47,"column":4},"end":{"line":47,"column":16}},"11":{"start":{"line":54,"column":2},"end":{"line":56,"column":3}},"12":{"start":{"line":55,"column":4},"end":{"line":55,"column":62}},"13":{"start":{"line":60,"column":33},"end":{"line":64,"column":4}},"14":{"start":{"line":66,"column":2},"end":{"line":68,"column":3}},"15":{"start":{"line":67,"column":4},"end":{"line":67,"column":52}}},"fnMap":{"0":{"name":"(anonymous_0)","decl":{"start":{"line":6,"column":2},"end":{"line":6,"column":3}},"loc":{"start":{"line":6,"column":45},"end":{"line":48,"column":3}},"line":6},"1":{"name":"checkRequiridField","decl":{"start":{"line":53,"column":15},"end":{"line":53,"column":33}},"loc":{"start":{"line":53,"column":64},"end":{"line":57,"column":1}},"line":53},"2":{"name":"checkAlreadyExists","decl":{"start":{"line":59,"column":15},"end":{"line":59,"column":33}},"loc":{"start":{"line":59,"column":64},"end":{"line":69,"column":1}},"line":59}},"branchMap":{"0":{"loc":{"start":{"line":54,"column":2},"end":{"line":56,"column":3}},"type":"if","locations":[{"start":{"line":54,"column":2},"end":{"line":56,"column":3}},{"start":{},"end":{}}],"line":54},"1":{"loc":{"start":{"line":66,"column":2},"end":{"line":68,"column":3}},"type":"if","locations":[{"start":{"line":66,"column":2},"end":{"line":68,"column":3}},{"start":{},"end":{}}],"line":66}},"s":{"0":7,"1":6,"2":6,"3":6,"4":6,"5":6,"6":5,"7":4,"8":3,"9":3,"10":3,"11":31,"12":1,"13":15,"14":15,"15":3},"f":{"0":7,"1":31,"2":15},"b":{"0":[1,30],"1":[3,12]},"_coverageSchema":"1a1c01bbd47fc00a2c39e90264f33305004495a9","hash":"7bbf8e6f874e4c205a8b81330286f3c2f3a1239a"}
,"C:\\dev\\stock-api\\src\\services\\user\\EditUserService.ts": {"path":"C:\\dev\\stock-api\\src\\services\\user\\EditUserService.ts","statementMap":{"0":{"start":{"line":8,"column":25},"end":{"line":10,"column":6}},"1":{"start":{"line":12,"column":4},"end":{"line":14,"column":5}},"2":{"start":{"line":13,"column":6},"end":{"line":13,"column":40}},"3":{"start":{"line":15,"column":4},"end":{"line":17,"column":5}},"4":{"start":{"line":16,"column":6},"end":{"line":16,"column":56}},"5":{"start":{"line":18,"column":4},"end":{"line":20,"column":5}},"6":{"start":{"line":19,"column":6},"end":{"line":19,"column":62}},"7":{"start":{"line":21,"column":4},"end":{"line":23,"column":5}},"8":{"start":{"line":22,"column":6},"end":{"line":22,"column":52}},"9":{"start":{"line":25,"column":4},"end":{"line":27,"column":5}},"10":{"start":{"line":26,"column":6},"end":{"line":26,"column":59}},"11":{"start":{"line":29,"column":24},"end":{"line":29,"column":39}},"12":{"start":{"line":32,"column":21},"end":{"line":35,"column":6}},"13":{"start":{"line":37,"column":4},"end":{"line":37,"column":20}},"14":{"start":{"line":44,"column":2},"end":{"line":50,"column":5}},"15":{"start":{"line":49,"column":4},"end":{"line":49,"column":52}}},"fnMap":{"0":{"name":"(anonymous_0)","decl":{"start":{"line":6,"column":2},"end":{"line":6,"column":3}},"loc":{"start":{"line":6,"column":55},"end":{"line":38,"column":3}},"line":6},"1":{"name":"checkAlreadyExists","decl":{"start":{"line":43,"column":15},"end":{"line":43,"column":33}},"loc":{"start":{"line":43,"column":64},"end":{"line":51,"column":1}},"line":43},"2":{"name":"(anonymous_2)","decl":{"start":{"line":48,"column":10},"end":{"line":48,"column":11}},"loc":{"start":{"line":48,"column":16},"end":{"line":50,"column":3}},"line":48}},"branchMap":{"0":{"loc":{"start":{"line":12,"column":4},"end":{"line":14,"column":5}},"type":"if","locations":[{"start":{"line":12,"column":4},"end":{"line":14,"column":5}},{"start":{},"end":{}}],"line":12},"1":{"loc":{"start":{"line":15,"column":4},"end":{"line":17,"column":5}},"type":"if","locations":[{"start":{"line":15,"column":4},"end":{"line":17,"column":5}},{"start":{},"end":{}}],"line":15},"2":{"loc":{"start":{"line":18,"column":4},"end":{"line":20,"column":5}},"type":"if","locations":[{"start":{"line":18,"column":4},"end":{"line":20,"column":5}},{"start":{},"end":{}}],"line":18},"3":{"loc":{"start":{"line":21,"column":4},"end":{"line":23,"column":5}},"type":"if","locations":[{"start":{"line":21,"column":4},"end":{"line":23,"column":5}},{"start":{},"end":{}}],"line":21},"4":{"loc":{"start":{"line":25,"column":4},"end":{"line":27,"column":5}},"type":"if","locations":[{"start":{"line":25,"column":4},"end":{"line":27,"column":5}},{"start":{},"end":{}}],"line":25}},"s":{"0":7,"1":7,"2":1,"3":6,"4":1,"5":5,"6":2,"7":3,"8":1,"9":2,"10":2,"11":2,"12":2,"13":2,"14":4,"15":4},"f":{"0":7,"1":4,"2":4},"b":{"0":[1,6],"1":[1,5],"2":[2,3],"3":[1,2],"4":[2,0]},"_coverageSchema":"1a1c01bbd47fc00a2c39e90264f33305004495a9","hash":"1bd23b63f5621ad686f035338e5e9f7daa1b3a54"}
,"C:\\dev\\stock-api\\src\\services\\user\\ListUserService.ts": {"path":"C:\\dev\\stock-api\\src\\services\\user\\ListUserService.ts","statementMap":{"0":{"start":{"line":6,"column":18},"end":{"line":6,"column":52}},"1":{"start":{"line":7,"column":4},"end":{"line":7,"column":17}}},"fnMap":{"0":{"name":"(anonymous_0)","decl":{"start":{"line":4,"column":2},"end":{"line":4,"column":3}},"loc":{"start":{"line":4,"column":18},"end":{"line":8,"column":3}},"line":4}},"branchMap":{},"s":{"0":1,"1":1},"f":{"0":1},"b":{},"_coverageSchema":"1a1c01bbd47fc00a2c39e90264f33305004495a9","hash":"ac319e0e3587120023ce458d5a7eb3b5b329308d"}
}
