TN:
SF:src\app.ts
FN:10,(anonymous_0)
FNF:1
FNH:1
FNDA:13,(anonymous_0)
DA:6,4
DA:7,4
DA:8,4
DA:9,4
DA:10,4
DA:11,13
DA:12,13
DA:16,0
LF:8
LH:7
BRDA:11,0,0,13
BRDA:11,0,1,0
BRF:2
BRH:1
end_of_record
TN:
SF:src\routes.ts
FNF:0
FNH:0
DA:19,4
DA:22,4
DA:25,4
DA:26,4
DA:27,4
DA:30,4
DA:35,4
DA:40,4
DA:45,4
DA:52,4
DA:53,4
DA:58,4
DA:59,4
DA:64,4
LF:14
LH:14
BRF:0
BRH:0
end_of_record
TN:
SF:src\server.ts
FNF:0
FNH:0
DA:3,4
LF:1
LH:1
BRF:0
BRH:0
end_of_record
TN:
SF:src\controllers\category\CreateCategoryController.ts
FN:5,(anonymous_0)
FNF:1
FNH:0
FNDA:0,(anonymous_0)
DA:6,0
DA:7,0
DA:8,0
DA:9,0
LF:4
LH:0
BRF:0
BRH:0
end_of_record
TN:
SF:src\controllers\category\DeleteCategoryController.ts
FN:5,(anonymous_0)
FNF:1
FNH:0
FNDA:0,(anonymous_0)
DA:6,0
DA:7,0
DA:8,0
DA:9,0
LF:4
LH:0
BRF:0
BRH:0
end_of_record
TN:
SF:src\controllers\category\EditCategoryController.ts
FN:5,(anonymous_0)
FNF:1
FNH:0
FNDA:0,(anonymous_0)
DA:6,0
DA:7,0
DA:8,0
DA:9,0
DA:10,0
LF:5
LH:0
BRF:0
BRH:0
end_of_record
TN:
SF:src\controllers\category\ListCategoriesController.ts
FN:5,(anonymous_0)
FNF:1
FNH:0
FNDA:0,(anonymous_0)
DA:6,0
DA:7,0
DA:8,0
LF:3
LH:0
BRF:0
BRH:0
end_of_record
TN:
SF:src\controllers\product\CreateProductController.ts
FN:6,(anonymous_0)
FNF:1
FNH:0
FNDA:0,(anonymous_0)
DA:13,0
DA:14,0
DA:16,0
DA:24,0
LF:4
LH:0
BRF:0
BRH:0
end_of_record
TN:
SF:src\controllers\product\DeleteProductController.ts
FN:5,(anonymous_0)
FNF:1
FNH:0
FNDA:0,(anonymous_0)
DA:6,0
DA:7,0
DA:9,0
DA:10,0
LF:4
LH:0
BRF:0
BRH:0
end_of_record
TN:
SF:src\controllers\product\EditProductController.ts
FN:6,(anonymous_0)
FNF:1
FNH:0
FNDA:0,(anonymous_0)
DA:14,0
DA:15,0
DA:17,0
DA:25,0
LF:4
LH:0
BRF:0
BRH:0
end_of_record
TN:
SF:src\controllers\product\ListProductsController.ts
FN:5,(anonymous_0)
FNF:1
FNH:0
FNDA:0,(anonymous_0)
DA:6,0
DA:7,0
DA:9,0
LF:3
LH:0
BRF:0
BRH:0
end_of_record
TN:
SF:src\controllers\product\SaleProductController.ts
FN:6,(anonymous_0)
FNF:1
FNH:0
FNDA:0,(anonymous_0)
DA:7,0
DA:8,0
DA:9,0
DA:11,0
DA:15,0
LF:5
LH:0
BRF:0
BRH:0
end_of_record
TN:
SF:src\controllers\user\AuthUserController.ts
FN:6,(anonymous_0)
FNF:1
FNH:1
FNDA:8,(anonymous_0)
DA:7,8
DA:8,8
DA:9,8
DA:14,4
LF:4
LH:4
BRF:0
BRH:0
end_of_record
TN:
SF:src\controllers\user\CreateUserController.ts
FN:6,(anonymous_0)
FNF:1
FNH:1
FNDA:7,(anonymous_0)
DA:7,7
DA:8,7
DA:9,7
DA:10,3
LF:4
LH:4
BRF:0
BRH:0
end_of_record
TN:
SF:src\controllers\user\EditUserController.ts
FN:6,(anonymous_0)
FNF:1
FNH:1
FNDA:7,(anonymous_0)
DA:7,7
DA:8,7
DA:9,7
DA:10,7
DA:11,2
LF:5
LH:5
BRF:0
BRH:0
end_of_record
TN:
SF:src\controllers\user\ListUserController.ts
FN:5,(anonymous_0)
FNF:1
FNH:1
FNDA:1,(anonymous_0)
DA:6,1
DA:7,1
DA:8,1
LF:3
LH:3
BRF:0
BRH:0
end_of_record
TN:
SF:src\middlewares\isAuthenticated.ts
FN:5,isAuthenticated
FNF:1
FNH:1
FNDA:18,isAuthenticated
DA:11,18
DA:13,18
DA:14,1
DA:17,17
DA:19,17
DA:21,17
DA:22,15
DA:23,15
DA:25,2
LF:9
LH:9
BRDA:13,0,0,1
BRDA:13,0,1,17
BRF:2
BRH:2
end_of_record
TN:
SF:src\prisma\index.ts
FNF:0
FNH:0
DA:3,4
LF:1
LH:1
BRF:0
BRH:0
end_of_record
TN:
SF:src\services\category\CreateCategoryService.ts
FN:4,(anonymous_0)
FNF:1
FNH:0
FNDA:0,(anonymous_0)
DA:5,0
DA:6,0
DA:9,0
DA:18,0
LF:4
LH:0
BRDA:5,0,0,0
BRDA:5,0,1,0
BRDA:5,1,0,0
BRDA:5,1,1,0
BRDA:5,1,2,0
BRF:5
BRH:0
end_of_record
TN:
SF:src\services\category\DeleteCategoryService.ts
FN:4,(anonymous_0)
FNF:1
FNH:0
FNDA:0,(anonymous_0)
DA:5,0
DA:6,0
DA:12,0
DA:13,0
DA:18,0
LF:5
LH:0
BRDA:5,0,0,0
BRDA:5,0,1,0
BRDA:12,1,0,0
BRDA:12,1,1,0
BRF:4
BRH:0
end_of_record
TN:
SF:src\services\category\EditCategoryService.ts
FN:5,(anonymous_0)
FNF:1
FNH:0
FNDA:0,(anonymous_0)
DA:6,0
DA:7,0
DA:10,0
DA:18,0
LF:4
LH:0
BRDA:6,0,0,0
BRDA:6,0,1,0
BRDA:6,1,0,0
BRDA:6,1,1,0
BRDA:6,1,2,0
BRDA:6,1,3,0
BRF:6
BRH:0
end_of_record
TN:
SF:src\services\category\ListCategoriesService.ts
FN:4,(anonymous_0)
FNF:1
FNH:0
FNDA:0,(anonymous_0)
DA:5,0
DA:11,0
LF:2
LH:0
BRF:0
BRH:0
end_of_record
TN:
SF:src\services\product\CreateProductService.ts
FN:5,(anonymous_0)
FNF:1
FNH:0
FNDA:0,(anonymous_0)
DA:12,0
DA:21,0
LF:2
LH:0
BRF:0
BRH:0
end_of_record
TN:
SF:src\services\product\DeleteProductService.ts
FN:8,(anonymous_0)
FNF:1
FNH:0
FNDA:0,(anonymous_0)
DA:9,0
DA:10,0
DA:13,0
DA:18,0
LF:4
LH:0
BRDA:9,0,0,0
BRDA:9,0,1,0
BRF:2
BRH:0
end_of_record
TN:
SF:src\services\product\EditProductService.ts
FN:5,(anonymous_0)
FNF:1
FNH:0
FNDA:0,(anonymous_0)
DA:13,0
DA:19,0
DA:20,0
DA:23,0
DA:35,0
LF:5
LH:0
BRDA:19,0,0,0
BRDA:19,0,1,0
BRF:2
BRH:0
end_of_record
TN:
SF:src\services\product\ListProductsService.ts
FN:4,(anonymous_0)
FNF:1
FNH:0
FNDA:0,(anonymous_0)
DA:5,0
DA:18,0
LF:2
LH:0
BRF:0
BRH:0
end_of_record
TN:
SF:src\services\product\SaleProductService.ts
FN:5,(anonymous_0)
FNF:1
FNH:0
FNDA:0,(anonymous_0)
DA:6,0
DA:7,0
DA:10,0
DA:16,0
DA:17,0
DA:18,0
DA:31,0
DA:33,0
LF:8
LH:0
BRDA:6,0,0,0
BRDA:6,0,1,0
BRDA:6,1,0,0
BRDA:6,1,1,0
BRDA:16,2,0,0
BRDA:16,2,1,0
BRDA:16,3,0,0
BRDA:16,3,1,0
BRF:8
BRH:0
end_of_record
TN:
SF:src\services\user\AuthUserService.ts
FN:7,(anonymous_0)
FN:51,checkRequiridField
FNF:2
FNH:2
FNDA:8,(anonymous_0)
FNDA:15,checkRequiridField
DA:8,8
DA:9,7
DA:12,6
DA:18,6
DA:19,1
DA:22,5
DA:24,5
DA:25,1
DA:28,4
DA:40,4
DA:52,15
DA:53,2
LF:12
LH:12
BRDA:18,0,0,1
BRDA:18,0,1,5
BRDA:24,1,0,1
BRDA:24,1,1,4
BRDA:52,2,0,2
BRDA:52,2,1,13
BRF:6
BRH:6
end_of_record
TN:
SF:src\services\user\CreateUserService.ts
FN:6,(anonymous_0)
FN:53,checkRequiridField
FN:59,checkAlreadyExists
FNF:3
FNH:3
FNDA:7,(anonymous_0)
FNDA:31,checkRequiridField
FNDA:15,checkAlreadyExists
DA:8,7
DA:9,6
DA:10,6
DA:11,6
DA:12,6
DA:15,6
DA:16,5
DA:17,4
DA:21,3
DA:24,3
DA:47,3
DA:54,31
DA:55,1
DA:60,15
DA:66,15
DA:67,3
LF:16
LH:16
BRDA:54,0,0,1
BRDA:54,0,1,30
BRDA:66,1,0,3
BRDA:66,1,1,12
BRF:4
BRH:4
end_of_record
TN:
SF:src\services\user\EditUserService.ts
FN:6,(anonymous_0)
FN:43,checkAlreadyExists
FN:48,(anonymous_2)
FNF:3
FNH:3
FNDA:7,(anonymous_0)
FNDA:4,checkAlreadyExists
FNDA:4,(anonymous_2)
DA:8,7
DA:12,7
DA:13,1
DA:15,6
DA:16,1
DA:18,5
DA:19,2
DA:21,3
DA:22,1
DA:25,2
DA:26,2
DA:29,2
DA:32,2
DA:37,2
DA:44,4
DA:49,4
LF:16
LH:16
BRDA:12,0,0,1
BRDA:12,0,1,6
BRDA:15,1,0,1
BRDA:15,1,1,5
BRDA:18,2,0,2
BRDA:18,2,1,3
BRDA:21,3,0,1
BRDA:21,3,1,2
BRDA:25,4,0,2
BRDA:25,4,1,0
BRF:10
BRH:9
end_of_record
TN:
SF:src\services\user\ListUserService.ts
FN:4,(anonymous_0)
FNF:1
FNH:1
FNDA:1,(anonymous_0)
DA:6,1
DA:7,1
LF:2
LH:2
BRF:0
BRH:0
end_of_record
